android/app/build/intermediates/manifest_merge_blame_file/release/processReleaseMainManifest/manifest-merger-blame-release-report.txt
1<?xml version="1.0" encoding="utf-8"?>
2<manifest xmlns:android="http://schemas.android.com/apk/res/android"
3    package="glide2.com"
4    android:versionCode="1"
5    android:versionName="1.0" >
6
7    <uses-sdk
8        android:minSdkVersion="24"
9        android:targetSdkVersion="35" />
10
11    <!--
12         Reading the SMS inbox is what lets the app rebuild the last 30 days of
13         spending without asking the user to type anything.
14    -->
15    <uses-permission android:name="android.permission.READ_SMS" />
15-->src\main\AndroidManifest.xml:6:5-67
15-->src\main\AndroidManifest.xml:6:22-64
16    <uses-permission android:name="android.permission.RECEIVE_SMS" />
16-->src\main\AndroidManifest.xml:7:5-70
16-->src\main\AndroidManifest.xml:7:22-67
17    <uses-permission android:name="android.permission.INTERNET" />
17-->src\main\AndroidManifest.xml:8:5-67
17-->src\main\AndroidManifest.xml:8:22-64
18
19    <!-- Voice input for the chat screen. -->
20    <uses-permission android:name="android.permission.RECORD_AUDIO" />
20-->src\main\AndroidManifest.xml:11:5-71
20-->src\main\AndroidManifest.xml:11:22-68
21    <uses-permission android:name="android.permission.ACCESS_NETWORK_STATE" />
21-->src\main\AndroidManifest.xml:12:5-79
21-->src\main\AndroidManifest.xml:12:22-76
22
23    <queries>
23-->src\main\AndroidManifest.xml:14:5-21:15
24        <intent>
24-->src\main\AndroidManifest.xml:15:9-17:18
25            <action android:name="android.speech.RecognitionService" />
25-->src\main\AndroidManifest.xml:16:13-72
25-->src\main\AndroidManifest.xml:16:21-69
26        </intent>
27        <intent>
27-->src\main\AndroidManifest.xml:18:9-20:18
28            <action android:name="android.intent.action.TTS_SERVICE" />
28-->src\main\AndroidManifest.xml:19:13-72
28-->src\main\AndroidManifest.xml:19:21-69
29        </intent>
30    </queries>
31
32    <uses-permission android:name="android.permission.WAKE_LOCK" />
32-->[com.google.android.gms:play-services-measurement:22.1.2] AndroidManifest.xml:25:5-68
32-->[com.google.android.gms:play-services-measurement:22.1.2] AndroidManifest.xml:25:22-65
33    <uses-permission android:name="com.google.android.finsky.permission.BIND_GET_INSTALL_REFERRER_SERVICE" />
33-->[com.google.android.gms:play-services-measurement:22.1.2] AndroidManifest.xml:26:5-110
33-->[com.google.android.gms:play-services-measurement:22.1.2] AndroidManifest.xml:26:22-107
34    <uses-permission android:name="com.google.android.gms.permission.AD_ID" />
34-->[com.google.android.gms:play-services-measurement-impl:22.1.2] AndroidManifest.xml:27:5-79
34-->[com.google.android.gms:play-services-measurement-impl:22.1.2] AndroidManifest.xml:27:22-76
35    <uses-permission android:name="android.permission.ACCESS_ADSERVICES_ATTRIBUTION" />
35-->[com.google.android.gms:play-services-measurement-api:22.1.2] AndroidManifest.xml:26:5-88
35-->[com.google.android.gms:play-services-measurement-api:22.1.2] AndroidManifest.xml:26:22-85
36    <uses-permission android:name="android.permission.ACCESS_ADSERVICES_AD_ID" />
36-->[com.google.android.gms:play-services-measurement-api:22.1.2] AndroidManifest.xml:27:5-82
36-->[com.google.android.gms:play-services-measurement-api:22.1.2] AndroidManifest.xml:27:22-79
37
38    <permission
38-->[androidx.core:core:1.13.1] AndroidManifest.xml:22:5-24:47
39        android:name="glide2.com.DYNAMIC_RECEIVER_NOT_EXPORTED_PERMISSION"
39-->[androidx.core:core:1.13.1] AndroidManifest.xml:23:9-81
40        android:protectionLevel="signature" />
40-->[androidx.core:core:1.13.1] AndroidManifest.xml:24:9-44
41
42    <uses-permission android:name="glide2.com.DYNAMIC_RECEIVER_NOT_EXPORTED_PERMISSION" />
42-->[androidx.core:core:1.13.1] AndroidManifest.xml:26:5-97
42-->[androidx.core:core:1.13.1] AndroidManifest.xml:26:22-94
43    <uses-permission android:name="com.google.android.providers.gsf.permission.READ_GSERVICES" />
43-->[com.google.android.recaptcha:recaptcha:18.5.1] AndroidManifest.xml:9:5-98
43-->[com.google.android.recaptcha:recaptcha:18.5.1] AndroidManifest.xml:9:22-95
44
45    <application
45-->src\main\AndroidManifest.xml:23:5-64:19
46        android:allowBackup="true"
46-->src\main\AndroidManifest.xml:24:9-35
47        android:appComponentFactory="androidx.core.app.CoreComponentFactory"
47-->[androidx.core:core:1.13.1] AndroidManifest.xml:28:18-86
48        android:extractNativeLibs="false"
49        android:icon="@mipmap/ic_launcher"
49-->src\main\AndroidManifest.xml:25:9-43
50        android:label="@string/app_name"
50-->src\main\AndroidManifest.xml:27:9-41
51        android:networkSecurityConfig="@xml/network_security_config"
51-->src\main\AndroidManifest.xml:30:9-69
52        android:roundIcon="@mipmap/ic_launcher_round"
52-->src\main\AndroidManifest.xml:26:9-54
53        android:supportsRtl="true"
53-->src\main\AndroidManifest.xml:28:9-35
54        android:theme="@style/Theme.Glide"
54-->src\main\AndroidManifest.xml:31:9-43
55        android:usesCleartextTraffic="true" >
55-->src\main\AndroidManifest.xml:29:9-44
56        <activity
56-->src\main\AndroidManifest.xml:33:9-42:20
57            android:name="app.glide.MainActivity"
57-->src\main\AndroidManifest.xml:34:13-41
58            android:exported="true"
58-->src\main\AndroidManifest.xml:35:13-36
59            android:theme="@style/Theme.Glide"
59-->src\main\AndroidManifest.xml:37:13-47
60            android:windowSoftInputMode="adjustResize" >
60-->src\main\AndroidManifest.xml:36:13-55
61            <intent-filter>
61-->src\main\AndroidManifest.xml:38:13-41:29
62                <action android:name="android.intent.action.MAIN" />
62-->src\main\AndroidManifest.xml:39:17-69
62-->src\main\AndroidManifest.xml:39:25-66
63
64                <category android:name="android.intent.category.LAUNCHER" />
64-->src\main\AndroidManifest.xml:40:17-77
64-->src\main\AndroidManifest.xml:40:27-74
65            </intent-filter>
66        </activity>
67
68        <provider
69            android:name="androidx.core.content.FileProvider"
69-->src\main\AndroidManifest.xml:45:13-62
70            android:authorities="glide2.com.fileprovider"
70-->src\main\AndroidManifest.xml:46:13-64
71            android:exported="false"
71-->src\main\AndroidManifest.xml:47:13-37
72            android:grantUriPermissions="true" >
72-->src\main\AndroidManifest.xml:48:13-47
73            <meta-data
73-->src\main\AndroidManifest.xml:49:13-51:54
74                android:name="android.support.FILE_PROVIDER_PATHS"
74-->src\main\AndroidManifest.xml:50:17-67
75                android:resource="@xml/file_paths" />
75-->src\main\AndroidManifest.xml:51:17-51
76        </provider>
77
78        <!-- Keeps the ledger live as new bank alerts arrive. -->
79        <receiver
79-->src\main\AndroidManifest.xml:55:9-62:20
80            android:name="app.glide.sms.SmsReceiver"
80-->src\main\AndroidManifest.xml:56:13-44
81            android:exported="true"
81-->src\main\AndroidManifest.xml:57:13-36
82            android:permission="android.permission.BROADCAST_SMS" >
82-->src\main\AndroidManifest.xml:58:13-66
83            <intent-filter android:priority="999" >
83-->src\main\AndroidManifest.xml:59:13-61:29
83-->src\main\AndroidManifest.xml:59:28-50
84                <action android:name="android.provider.Telephony.SMS_RECEIVED" />
84-->src\main\AndroidManifest.xml:60:17-82
84-->src\main\AndroidManifest.xml:60:25-79
85            </intent-filter>
86        </receiver>
87
88        <activity
88-->[com.google.firebase:firebase-auth:23.1.0] AndroidManifest.xml:29:9-46:20
89            android:name="com.google.firebase.auth.internal.GenericIdpActivity"
89-->[com.google.firebase:firebase-auth:23.1.0] AndroidManifest.xml:30:13-80
90            android:excludeFromRecents="true"
90-->[com.google.firebase:firebase-auth:23.1.0] AndroidManifest.xml:31:13-46
91            android:exported="true"
91-->[com.google.firebase:firebase-auth:23.1.0] AndroidManifest.xml:32:13-36
92            android:launchMode="singleTask"
92-->[com.google.firebase:firebase-auth:23.1.0] AndroidManifest.xml:33:13-44
93            android:theme="@android:style/Theme.Translucent.NoTitleBar" >
93-->[com.google.firebase:firebase-auth:23.1.0] AndroidManifest.xml:34:13-72
94            <intent-filter>
94-->[com.google.firebase:firebase-auth:23.1.0] AndroidManifest.xml:35:13-45:29
95                <action android:name="android.intent.action.VIEW" />
95-->[com.google.firebase:firebase-auth:23.1.0] AndroidManifest.xml:36:17-69
95-->[com.google.firebase:firebase-auth:23.1.0] AndroidManifest.xml:36:25-66
96
97                <category android:name="android.intent.category.DEFAULT" />
97-->[com.google.firebase:firebase-auth:23.1.0] AndroidManifest.xml:38:17-76
97-->[com.google.firebase:firebase-auth:23.1.0] AndroidManifest.xml:38:27-73
98                <category android:name="android.intent.category.BROWSABLE" />
98-->[com.google.firebase:firebase-auth:23.1.0] AndroidManifest.xml:39:17-78
98-->[com.google.firebase:firebase-auth:23.1.0] AndroidManifest.xml:39:27-75
99
100                <data
100-->[com.google.firebase:firebase-auth:23.1.0] AndroidManifest.xml:41:17-44:51
101                    android:host="firebase.auth"
101-->[com.google.firebase:firebase-auth:23.1.0] AndroidManifest.xml:42:21-49
102                    android:path="/"
102-->[com.google.firebase:firebase-auth:23.1.0] AndroidManifest.xml:43:21-37
103                    android:scheme="genericidp" />
103-->[com.google.firebase:firebase-auth:23.1.0] AndroidManifest.xml:44:21-48
104            </intent-filter>
105        </activity>
106        <activity
106-->[com.google.firebase:firebase-auth:23.1.0] AndroidManifest.xml:47:9-64:20
107            android:name="com.google.firebase.auth.internal.RecaptchaActivity"
107-->[com.google.firebase:firebase-auth:23.1.0] AndroidManifest.xml:48:13-79
108            android:excludeFromRecents="true"
108-->[com.google.firebase:firebase-auth:23.1.0] AndroidManifest.xml:49:13-46
109            android:exported="true"
109-->[com.google.firebase:firebase-auth:23.1.0] AndroidManifest.xml:50:13-36
110            android:launchMode="singleTask"
110-->[com.google.firebase:firebase-auth:23.1.0] AndroidManifest.xml:51:13-44
111            android:theme="@android:style/Theme.Translucent.NoTitleBar" >
111-->[com.google.firebase:firebase-auth:23.1.0] AndroidManifest.xml:52:13-72
112            <intent-filter>
112-->[com.google.firebase:firebase-auth:23.1.0] AndroidManifest.xml:53:13-63:29
113                <action android:name="android.intent.action.VIEW" />
113-->[com.google.firebase:firebase-auth:23.1.0] AndroidManifest.xml:36:17-69
113-->[com.google.firebase:firebase-auth:23.1.0] AndroidManifest.xml:36:25-66
114
115                <category android:name="android.intent.category.DEFAULT" />
115-->[com.google.firebase:firebase-auth:23.1.0] AndroidManifest.xml:38:17-76
115-->[com.google.firebase:firebase-auth:23.1.0] AndroidManifest.xml:38:27-73
116                <category android:name="android.intent.category.BROWSABLE" />
116-->[com.google.firebase:firebase-auth:23.1.0] AndroidManifest.xml:39:17-78
116-->[com.google.firebase:firebase-auth:23.1.0] AndroidManifest.xml:39:27-75
117
118                <data
118-->[com.google.firebase:firebase-auth:23.1.0] AndroidManifest.xml:41:17-44:51
119                    android:host="firebase.auth"
119-->[com.google.firebase:firebase-auth:23.1.0] AndroidManifest.xml:42:21-49
120                    android:path="/"
120-->[com.google.firebase:firebase-auth:23.1.0] AndroidManifest.xml:43:21-37
121                    android:scheme="recaptcha" />
121-->[com.google.firebase:firebase-auth:23.1.0] AndroidManifest.xml:44:21-48
122            </intent-filter>
123        </activity>
124
125        <service
125-->[com.google.firebase:firebase-auth:23.1.0] AndroidManifest.xml:66:9-72:19
126            android:name="com.google.firebase.components.ComponentDiscoveryService"
126-->[com.google.firebase:firebase-auth:23.1.0] AndroidManifest.xml:67:13-84
127            android:directBootAware="true"
127-->[com.google.firebase:firebase-common:21.0.0] AndroidManifest.xml:32:13-43
128            android:exported="false" >
128-->[com.google.firebase:firebase-auth:23.1.0] AndroidManifest.xml:68:13-37
129            <meta-data
129-->[com.google.firebase:firebase-auth:23.1.0] AndroidManifest.xml:69:13-71:85
130                android:name="com.google.firebase.components:com.google.firebase.auth.FirebaseAuthRegistrar"
130-->[com.google.firebase:firebase-auth:23.1.0] AndroidManifest.xml:70:17-109
131                android:value="com.google.firebase.components.ComponentRegistrar" />
131-->[com.google.firebase:firebase-auth:23.1.0] AndroidManifest.xml:71:17-82
132            <meta-data
132-->[com.google.firebase:firebase-firestore:25.1.1] AndroidManifest.xml:17:13-19:85
133                android:name="com.google.firebase.components:com.google.firebase.firestore.FirebaseFirestoreKtxRegistrar"
133-->[com.google.firebase:firebase-firestore:25.1.1] AndroidManifest.xml:18:17-122
134                android:value="com.google.firebase.components.ComponentRegistrar" />
134-->[com.google.firebase:firebase-firestore:25.1.1] AndroidManifest.xml:19:17-82
135            <meta-data
135-->[com.google.firebase:firebase-firestore:25.1.1] AndroidManifest.xml:20:13-22:85
136                android:name="com.google.firebase.components:com.google.firebase.firestore.FirestoreRegistrar"
136-->[com.google.firebase:firebase-firestore:25.1.1] AndroidManifest.xml:21:17-111
137                android:value="com.google.firebase.components.ComponentRegistrar" />
137-->[com.google.firebase:firebase-firestore:25.1.1] AndroidManifest.xml:22:17-82
138            <meta-data
138-->[com.google.android.gms:play-services-measurement-api:22.1.2] AndroidManifest.xml:37:13-39:85
139                android:name="com.google.firebase.components:com.google.firebase.analytics.connector.internal.AnalyticsConnectorRegistrar"
139-->[com.google.android.gms:play-services-measurement-api:22.1.2] AndroidManifest.xml:38:17-139
140                android:value="com.google.firebase.components.ComponentRegistrar" />
140-->[com.google.android.gms:play-services-measurement-api:22.1.2] AndroidManifest.xml:39:17-82
141            <meta-data
141-->[com.google.firebase:firebase-installations:18.0.0] AndroidManifest.xml:15:13-17:85
142                android:name="com.google.firebase.components:com.google.firebase.installations.FirebaseInstallationsKtxRegistrar"
142-->[com.google.firebase:firebase-installations:18.0.0] AndroidManifest.xml:16:17-130
143                android:value="com.google.firebase.components.ComponentRegistrar" />
143-->[com.google.firebase:firebase-installations:18.0.0] AndroidManifest.xml:17:17-82
144            <meta-data
144-->[com.google.firebase:firebase-installations:18.0.0] AndroidManifest.xml:18:13-20:85
145                android:name="com.google.firebase.components:com.google.firebase.installations.FirebaseInstallationsRegistrar"
145-->[com.google.firebase:firebase-installations:18.0.0] AndroidManifest.xml:19:17-127
146                android:value="com.google.firebase.components.ComponentRegistrar" />
146-->[com.google.firebase:firebase-installations:18.0.0] AndroidManifest.xml:20:17-82
147            <meta-data
147-->[com.google.firebase:firebase-common-ktx:21.0.0] AndroidManifest.xml:12:13-14:85
148                android:name="com.google.firebase.components:com.google.firebase.ktx.FirebaseCommonLegacyRegistrar"
148-->[com.google.firebase:firebase-common-ktx:21.0.0] AndroidManifest.xml:13:17-116
149                android:value="com.google.firebase.components.ComponentRegistrar" />
149-->[com.google.firebase:firebase-common-ktx:21.0.0] AndroidManifest.xml:14:17-82
150            <meta-data
150-->[com.google.firebase:firebase-common:21.0.0] AndroidManifest.xml:35:13-37:85
151                android:name="com.google.firebase.components:com.google.firebase.FirebaseCommonKtxRegistrar"
151-->[com.google.firebase:firebase-common:21.0.0] AndroidManifest.xml:36:17-109
152                android:value="com.google.firebase.components.ComponentRegistrar" />
152-->[com.google.firebase:firebase-common:21.0.0] AndroidManifest.xml:37:17-82
153        </service>
154        <service
154-->[com.google.android.gms:play-services-mlkit-text-recognition-common:19.1.0] AndroidManifest.xml:9:9-15:19
155            android:name="com.google.mlkit.common.internal.MlKitComponentDiscoveryService"
155-->[com.google.android.gms:play-services-mlkit-text-recognition-common:19.1.0] AndroidManifest.xml:10:13-91
156            android:directBootAware="true"
156-->[com.google.mlkit:common:18.11.0] AndroidManifest.xml:17:13-43
157            android:exported="false" >
157-->[com.google.android.gms:play-services-mlkit-text-recognition-common:19.1.0] AndroidManifest.xml:11:13-37
158            <meta-data
158-->[com.google.android.gms:play-services-mlkit-text-recognition-common:19.1.0] AndroidManifest.xml:12:13-14:85
159                android:name="com.google.firebase.components:com.google.mlkit.vision.text.internal.TextRegistrar"
159-->[com.google.android.gms:play-services-mlkit-text-recognition-common:19.1.0] AndroidManifest.xml:13:17-114
160                android:value="com.google.firebase.components.ComponentRegistrar" />
160-->[com.google.android.gms:play-services-mlkit-text-recognition-common:19.1.0] AndroidManifest.xml:14:17-82
161            <meta-data
161-->[com.google.mlkit:vision-common:17.3.0] AndroidManifest.xml:12:13-14:85
162                android:name="com.google.firebase.components:com.google.mlkit.vision.common.internal.VisionCommonRegistrar"
162-->[com.google.mlkit:vision-common:17.3.0] AndroidManifest.xml:13:17-124
163                android:value="com.google.firebase.components.ComponentRegistrar" />
163-->[com.google.mlkit:vision-common:17.3.0] AndroidManifest.xml:14:17-82
164            <meta-data
164-->[com.google.mlkit:common:18.11.0] AndroidManifest.xml:20:13-22:85
165                android:name="com.google.firebase.components:com.google.mlkit.common.internal.CommonComponentRegistrar"
165-->[com.google.mlkit:common:18.11.0] AndroidManifest.xml:21:17-120
166                android:value="com.google.firebase.components.ComponentRegistrar" />
166-->[com.google.mlkit:common:18.11.0] AndroidManifest.xml:22:17-82
167        </service>
168
169        <provider
169-->[com.google.mlkit:common:18.11.0] AndroidManifest.xml:9:9-13:38
170            android:name="com.google.mlkit.common.internal.MlKitInitProvider"
170-->[com.google.mlkit:common:18.11.0] AndroidManifest.xml:10:13-78
171            android:authorities="glide2.com.mlkitinitprovider"
171-->[com.google.mlkit:common:18.11.0] AndroidManifest.xml:11:13-69
172            android:exported="false"
172-->[com.google.mlkit:common:18.11.0] AndroidManifest.xml:12:13-37
173            android:initOrder="99" />
173-->[com.google.mlkit:common:18.11.0] AndroidManifest.xml:13:13-35
174
175        <service
175-->[androidx.credentials:credentials-play-services-auth:1.2.0-rc01] AndroidManifest.xml:24:9-32:19
176            android:name="androidx.credentials.playservices.CredentialProviderMetadataHolder"
176-->[androidx.credentials:credentials-play-services-auth:1.2.0-rc01] AndroidManifest.xml:25:13-94
177            android:enabled="true"
177-->[androidx.credentials:credentials-play-services-auth:1.2.0-rc01] AndroidManifest.xml:26:13-35
178            android:exported="false" >
178-->[androidx.credentials:credentials-play-services-auth:1.2.0-rc01] AndroidManifest.xml:27:13-37
179            <meta-data
179-->[androidx.credentials:credentials-play-services-auth:1.2.0-rc01] AndroidManifest.xml:29:13-31:104
180                android:name="androidx.credentials.CREDENTIAL_PROVIDER_KEY"
180-->[androidx.credentials:credentials-play-services-auth:1.2.0-rc01] AndroidManifest.xml:30:17-76
181                android:value="androidx.credentials.playservices.CredentialProviderPlayServicesImpl" />
181-->[androidx.credentials:credentials-play-services-auth:1.2.0-rc01] AndroidManifest.xml:31:17-101
182        </service>
183
184        <activity
184-->[androidx.credentials:credentials-play-services-auth:1.2.0-rc01] AndroidManifest.xml:34:9-41:20
185            android:name="androidx.credentials.playservices.HiddenActivity"
185-->[androidx.credentials:credentials-play-services-auth:1.2.0-rc01] AndroidManifest.xml:35:13-76
186            android:configChanges="orientation|screenSize|screenLayout|keyboardHidden"
186-->[androidx.credentials:credentials-play-services-auth:1.2.0-rc01] AndroidManifest.xml:36:13-87
187            android:enabled="true"
187-->[androidx.credentials:credentials-play-services-auth:1.2.0-rc01] AndroidManifest.xml:37:13-35
188            android:exported="false"
188-->[androidx.credentials:credentials-play-services-auth:1.2.0-rc01] AndroidManifest.xml:38:13-37
189            android:fitsSystemWindows="true"
189-->[androidx.credentials:credentials-play-services-auth:1.2.0-rc01] AndroidManifest.xml:39:13-45
190            android:theme="@style/Theme.Hidden" >
190-->[androidx.credentials:credentials-play-services-auth:1.2.0-rc01] AndroidManifest.xml:40:13-48
191        </activity>
192        <activity
192-->[com.google.android.gms:play-services-auth:20.7.0] AndroidManifest.xml:23:9-27:75
193            android:name="com.google.android.gms.auth.api.signin.internal.SignInHubActivity"
193-->[com.google.android.gms:play-services-auth:20.7.0] AndroidManifest.xml:24:13-93
194            android:excludeFromRecents="true"
194-->[com.google.android.gms:play-services-auth:20.7.0] AndroidManifest.xml:25:13-46
195            android:exported="false"
195-->[com.google.android.gms:play-services-auth:20.7.0] AndroidManifest.xml:26:13-37
196            android:theme="@android:style/Theme.Translucent.NoTitleBar" />
196-->[com.google.android.gms:play-services-auth:20.7.0] AndroidManifest.xml:27:13-72
197        <!--
198            Service handling Google Sign-In user revocation. For apps that do not integrate with
199            Google Sign-In, this service will never be started.
200        -->
201        <service
201-->[com.google.android.gms:play-services-auth:20.7.0] AndroidManifest.xml:33:9-37:51
202            android:name="com.google.android.gms.auth.api.signin.RevocationBoundService"
202-->[com.google.android.gms:play-services-auth:20.7.0] AndroidManifest.xml:34:13-89
203            android:exported="true"
203-->[com.google.android.gms:play-services-auth:20.7.0] AndroidManifest.xml:35:13-36
204            android:permission="com.google.android.gms.auth.api.signin.permission.REVOCATION_NOTIFICATION"
204-->[com.google.android.gms:play-services-auth:20.7.0] AndroidManifest.xml:36:13-107
205            android:visibleToInstantApps="true" />
205-->[com.google.android.gms:play-services-auth:20.7.0] AndroidManifest.xml:37:13-48
206
207        <receiver
207-->[com.google.android.gms:play-services-measurement:22.1.2] AndroidManifest.xml:29:9-33:20
208            android:name="com.google.android.gms.measurement.AppMeasurementReceiver"
208-->[com.google.android.gms:play-services-measurement:22.1.2] AndroidManifest.xml:30:13-85
209            android:enabled="true"
209-->[com.google.android.gms:play-services-measurement:22.1.2] AndroidManifest.xml:31:13-35
210            android:exported="false" >
210-->[com.google.android.gms:play-services-measurement:22.1.2] AndroidManifest.xml:32:13-37
211        </receiver>
212
213        <service
213-->[com.google.android.gms:play-services-measurement:22.1.2] AndroidManifest.xml:35:9-38:40
214            android:name="com.google.android.gms.measurement.AppMeasurementService"
214-->[com.google.android.gms:play-services-measurement:22.1.2] AndroidManifest.xml:36:13-84
215            android:enabled="true"
215-->[com.google.android.gms:play-services-measurement:22.1.2] AndroidManifest.xml:37:13-35
216            android:exported="false" />
216-->[com.google.android.gms:play-services-measurement:22.1.2] AndroidManifest.xml:38:13-37
217        <service
217-->[com.google.android.gms:play-services-measurement:22.1.2] AndroidManifest.xml:39:9-43:72
218            android:name="com.google.android.gms.measurement.AppMeasurementJobService"
218-->[com.google.android.gms:play-services-measurement:22.1.2] AndroidManifest.xml:40:13-87
219            android:enabled="true"
219-->[com.google.android.gms:play-services-measurement:22.1.2] AndroidManifest.xml:41:13-35
220            android:exported="false"
220-->[com.google.android.gms:play-services-measurement:22.1.2] AndroidManifest.xml:42:13-37
221            android:permission="android.permission.BIND_JOB_SERVICE" />
221-->[com.google.android.gms:play-services-measurement:22.1.2] AndroidManifest.xml:43:13-69
222
223        <activity
223-->[com.google.android.gms:play-services-base:18.5.0] AndroidManifest.xml:5:9-173
224            android:name="com.google.android.gms.common.api.GoogleApiActivity"
224-->[com.google.android.gms:play-services-base:18.5.0] AndroidManifest.xml:5:19-85
225            android:exported="false"
225-->[com.google.android.gms:play-services-base:18.5.0] AndroidManifest.xml:5:146-170
226            android:theme="@android:style/Theme.Translucent.NoTitleBar" />
226-->[com.google.android.gms:play-services-base:18.5.0] AndroidManifest.xml:5:86-145
227
228        <property
228-->[com.google.android.gms:play-services-measurement-api:22.1.2] AndroidManifest.xml:30:9-32:61
229            android:name="android.adservices.AD_SERVICES_CONFIG"
229-->[com.google.android.gms:play-services-measurement-api:22.1.2] AndroidManifest.xml:31:13-65
230            android:resource="@xml/ga_ad_services_config" />
230-->[com.google.android.gms:play-services-measurement-api:22.1.2] AndroidManifest.xml:32:13-58
231
232        <provider
232-->[androidx.emoji2:emoji2:1.3.0] AndroidManifest.xml:24:9-32:20
233            android:name="androidx.startup.InitializationProvider"
233-->[androidx.emoji2:emoji2:1.3.0] AndroidManifest.xml:25:13-67
234            android:authorities="glide2.com.androidx-startup"
234-->[androidx.emoji2:emoji2:1.3.0] AndroidManifest.xml:26:13-68
235            android:exported="false" >
235-->[androidx.emoji2:emoji2:1.3.0] AndroidManifest.xml:27:13-37
236            <meta-data
236-->[androidx.emoji2:emoji2:1.3.0] AndroidManifest.xml:29:13-31:52
237                android:name="androidx.emoji2.text.EmojiCompatInitializer"
237-->[androidx.emoji2:emoji2:1.3.0] AndroidManifest.xml:30:17-75
238                android:value="androidx.startup" />
238-->[androidx.emoji2:emoji2:1.3.0] AndroidManifest.xml:31:17-49
239            <meta-data
239-->[androidx.lifecycle:lifecycle-process:2.8.7] AndroidManifest.xml:29:13-31:52
240                android:name="androidx.lifecycle.ProcessLifecycleInitializer"
240-->[androidx.lifecycle:lifecycle-process:2.8.7] AndroidManifest.xml:30:17-78
241                android:value="androidx.startup" />
241-->[androidx.lifecycle:lifecycle-process:2.8.7] AndroidManifest.xml:31:17-49
242            <meta-data
242-->[androidx.profileinstaller:profileinstaller:1.3.1] AndroidManifest.xml:29:13-31:52
243                android:name="androidx.profileinstaller.ProfileInstallerInitializer"
243-->[androidx.profileinstaller:profileinstaller:1.3.1] AndroidManifest.xml:30:17-85
244                android:value="androidx.startup" />
244-->[androidx.profileinstaller:profileinstaller:1.3.1] AndroidManifest.xml:31:17-49
245        </provider>
246
247        <uses-library
247-->[androidx.privacysandbox.ads:ads-adservices:1.0.0-beta05] AndroidManifest.xml:23:9-25:40
248            android:name="android.ext.adservices"
248-->[androidx.privacysandbox.ads:ads-adservices:1.0.0-beta05] AndroidManifest.xml:24:13-50
249            android:required="false" />
249-->[androidx.privacysandbox.ads:ads-adservices:1.0.0-beta05] AndroidManifest.xml:25:13-37
250
251        <provider
251-->[com.google.firebase:firebase-common:21.0.0] AndroidManifest.xml:23:9-28:39
252            android:name="com.google.firebase.provider.FirebaseInitProvider"
252-->[com.google.firebase:firebase-common:21.0.0] AndroidManifest.xml:24:13-77
253            android:authorities="glide2.com.firebaseinitprovider"
253-->[com.google.firebase:firebase-common:21.0.0] AndroidManifest.xml:25:13-72
254            android:directBootAware="true"
254-->[com.google.firebase:firebase-common:21.0.0] AndroidManifest.xml:26:13-43
255            android:exported="false"
255-->[com.google.firebase:firebase-common:21.0.0] AndroidManifest.xml:27:13-37
256            android:initOrder="100" />
256-->[com.google.firebase:firebase-common:21.0.0] AndroidManifest.xml:28:13-36
257
258        <meta-data
258-->[com.google.android.gms:play-services-basement:18.4.0] AndroidManifest.xml:6:9-122
259            android:name="com.google.android.gms.version"
259-->[com.google.android.gms:play-services-basement:18.4.0] AndroidManifest.xml:6:20-65
260            android:value="@integer/google_play_services_version" />
260-->[com.google.android.gms:play-services-basement:18.4.0] AndroidManifest.xml:6:66-119
261
262        <receiver
262-->[androidx.profileinstaller:profileinstaller:1.3.1] AndroidManifest.xml:34:9-52:20
263            android:name="androidx.profileinstaller.ProfileInstallReceiver"
263-->[androidx.profileinstaller:profileinstaller:1.3.1] AndroidManifest.xml:35:13-76
264            android:directBootAware="false"
264-->[androidx.profileinstaller:profileinstaller:1.3.1] AndroidManifest.xml:36:13-44
265            android:enabled="true"
265-->[androidx.profileinstaller:profileinstaller:1.3.1] AndroidManifest.xml:37:13-35
266            android:exported="true"
266-->[androidx.profileinstaller:profileinstaller:1.3.1] AndroidManifest.xml:38:13-36
267            android:permission="android.permission.DUMP" >
267-->[androidx.profileinstaller:profileinstaller:1.3.1] AndroidManifest.xml:39:13-57
268            <intent-filter>
268-->[androidx.profileinstaller:profileinstaller:1.3.1] AndroidManifest.xml:40:13-42:29